CRITICAL - 2022-08-25 00:28:57 --> syntax error, unexpected 'return' (T_RETURN)
in APPPATH\Controllers\pages.php on line 26.
 1 SYSTEMPATH\Autoloader\Autoloader.php(261): CodeIgniter\Autoloader\Autoloader->includeFile('APPPATH\\Controllers\\pages.php')
 2 SYSTEMPATH\Autoloader\Autoloader.php(239): CodeIgniter\Autoloader\Autoloader->loadInNamespace('App\\Controllers\\pages')
 3 [internal function]: CodeIgniter\Autoloader\Autoloader->loadClass('App\\Controllers\\pages')
 4 [internal function]: spl_autoload_call('App\\Controllers\\pages')
 5 SYSTEMPATH\CodeIgniter.php(846): class_exists('\\App\\Controllers\\pages', true)
 6 SYSTEMPATH\CodeIgniter.php(453): CodeIgniter\CodeIgniter->startController()
 7 SYSTEMPATH\CodeIgniter.php(349): CodeIgniter\CodeIgniter->handleRequest(null, Object(Config\Cache), false)
 8 FCPATH\index.php(55): CodeIgniter\CodeIgniter->run()
 9 SYSTEMPATH\Commands\Server\rewrite.php(43): require_once('FCPATH\\index.php')
CRITICAL - 2022-08-25 00:31:36 --> syntax error, unexpected 'return' (T_RETURN)
in APPPATH\Controllers\pages.php on line 26.
 1 SYSTEMPATH\Autoloader\Autoloader.php(261): CodeIgniter\Autoloader\Autoloader->includeFile('APPPATH\\Controllers\\pages.php')
 2 SYSTEMPATH\Autoloader\Autoloader.php(239): CodeIgniter\Autoloader\Autoloader->loadInNamespace('App\\Controllers\\pages')
 3 [internal function]: CodeIgniter\Autoloader\Autoloader->loadClass('App\\Controllers\\pages')
 4 [internal function]: spl_autoload_call('App\\Controllers\\pages')
 5 SYSTEMPATH\CodeIgniter.php(846): class_exists('\\App\\Controllers\\pages', true)
 6 SYSTEMPATH\CodeIgniter.php(453): CodeIgniter\CodeIgniter->startController()
 7 SYSTEMPATH\CodeIgniter.php(349): CodeIgniter\CodeIgniter->handleRequest(null, Object(Config\Cache), false)
 8 FCPATH\index.php(55): CodeIgniter\CodeIgniter->run()
 9 SYSTEMPATH\Commands\Server\rewrite.php(43): require_once('FCPATH\\index.php')
CRITICAL - 2022-08-25 00:34:52 --> syntax error, unexpected 'return' (T_RETURN)
in APPPATH\Controllers\pages.php on line 26.
 1 SYSTEMPATH\Autoloader\Autoloader.php(261): CodeIgniter\Autoloader\Autoloader->includeFile('APPPATH\\Controllers\\pages.php')
 2 SYSTEMPATH\Autoloader\Autoloader.php(239): CodeIgniter\Autoloader\Autoloader->loadInNamespace('App\\Controllers\\pages')
 3 [internal function]: CodeIgniter\Autoloader\Autoloader->loadClass('App\\Controllers\\pages')
 4 [internal function]: spl_autoload_call('App\\Controllers\\pages')
 5 SYSTEMPATH\CodeIgniter.php(846): class_exists('\\App\\Controllers\\pages', true)
 6 SYSTEMPATH\CodeIgniter.php(453): CodeIgniter\CodeIgniter->startController()
 7 SYSTEMPATH\CodeIgniter.php(349): CodeIgniter\CodeIgniter->handleRequest(null, Object(Config\Cache), false)
 8 FCPATH\index.php(55): CodeIgniter\CodeIgniter->run()
 9 SYSTEMPATH\Commands\Server\rewrite.php(43): require_once('FCPATH\\index.php')
CRITICAL - 2022-08-25 00:44:07 --> syntax error, unexpected 'return' (T_RETURN)
in APPPATH\Controllers\pages.php on line 26.
 1 SYSTEMPATH\Autoloader\Autoloader.php(261): CodeIgniter\Autoloader\Autoloader->includeFile('APPPATH\\Controllers\\pages.php')
 2 SYSTEMPATH\Autoloader\Autoloader.php(239): CodeIgniter\Autoloader\Autoloader->loadInNamespace('App\\Controllers\\pages')
 3 [internal function]: CodeIgniter\Autoloader\Autoloader->loadClass('App\\Controllers\\pages')
 4 [internal function]: spl_autoload_call('App\\Controllers\\pages')
 5 SYSTEMPATH\CodeIgniter.php(846): class_exists('\\App\\Controllers\\pages', true)
 6 SYSTEMPATH\CodeIgniter.php(453): CodeIgniter\CodeIgniter->startController()
 7 SYSTEMPATH\CodeIgniter.php(349): CodeIgniter\CodeIgniter->handleRequest(null, Object(Config\Cache), false)
 8 FCPATH\index.php(55): CodeIgniter\CodeIgniter->run()
 9 SYSTEMPATH\Commands\Server\rewrite.php(43): require_once('FCPATH\\index.php')
CRITICAL - 2022-08-25 01:33:28 --> Undefined variable: title
in APPPATH\Views\layout\tamplate.php on line 15.
 1 APPPATH\Views\layout\tamplate.php(15): CodeIgniter\Debug\Exceptions->errorHandler(8, 'Undefined variable: title', 'APPPATH\\Views\\layout\\tamplate.php', 15, [...])
 2 SYSTEMPATH\View\View.php(213): include('APPPATH\\Views\\layout\\tamplate.php')
 3 SYSTEMPATH\View\View.php(216): CodeIgniter\View\View->CodeIgniter\View\{closure}()
 4 SYSTEMPATH\View\View.php(229): CodeIgniter\View\View->render('layout/tamplate', [], true)
 5 SYSTEMPATH\Common.php(1135): CodeIgniter\View\View->render('pages/event', [], true)
 6 APPPATH\Controllers\pages.php(19): view('pages/event', [...])
 7 SYSTEMPATH\CodeIgniter.php(896): App\Controllers\pages->event()
 8 SYSTEMPATH\CodeIgniter.php(466): CodeIgniter\CodeIgniter->runController(Object(App\Controllers\pages))
 9 SYSTEMPATH\CodeIgniter.php(349): CodeIgniter\CodeIgniter->handleRequest(null, Object(Config\Cache), false)
10 FCPATH\index.php(55): CodeIgniter\CodeIgniter->run()
11 SYSTEMPATH\Commands\Server\rewrite.php(43): require_once('FCPATH\\index.php')
CRITICAL - 2022-08-25 01:33:45 --> Undefined variable: data
in APPPATH\Views\layout\tamplate.php on line 15.
 1 APPPATH\Views\layout\tamplate.php(15): CodeIgniter\Debug\Exceptions->errorHandler(8, 'Undefined variable: data', 'APPPATH\\Views\\layout\\tamplate.php', 15, [...])
 2 SYSTEMPATH\View\View.php(213): include('APPPATH\\Views\\layout\\tamplate.php')
 3 SYSTEMPATH\View\View.php(216): CodeIgniter\View\View->CodeIgniter\View\{closure}()
 4 SYSTEMPATH\View\View.php(229): CodeIgniter\View\View->render('layout/tamplate', [], true)
 5 SYSTEMPATH\Common.php(1135): CodeIgniter\View\View->render('pages/event', [], true)
 6 APPPATH\Controllers\pages.php(19): view('pages/event', [...])
 7 SYSTEMPATH\CodeIgniter.php(896): App\Controllers\pages->event()
 8 SYSTEMPATH\CodeIgniter.php(466): CodeIgniter\CodeIgniter->runController(Object(App\Controllers\pages))
 9 SYSTEMPATH\CodeIgniter.php(349): CodeIgniter\CodeIgniter->handleRequest(null, Object(Config\Cache), false)
10 FCPATH\index.php(55): CodeIgniter\CodeIgniter->run()
11 SYSTEMPATH\Commands\Server\rewrite.php(43): require_once('FCPATH\\index.php')
CRITICAL - 2022-08-25 01:34:41 --> Undefined variable: title
in APPPATH\Views\pages\event.php on line 3.
 1 APPPATH\Views\pages\event.php(3): CodeIgniter\Debug\Exceptions->errorHandler(8, 'Undefined variable: title', 'APPPATH\\Views\\pages\\event.php', 3, [...])
 2 SYSTEMPATH\View\View.php(213): include('APPPATH\\Views\\pages\\event.php')
 3 SYSTEMPATH\View\View.php(216): CodeIgniter\View\View->CodeIgniter\View\{closure}()
 4 SYSTEMPATH\Common.php(1135): CodeIgniter\View\View->render('pages/event', [], true)
 5 APPPATH\Controllers\pages.php(19): view('pages/event', [...])
 6 SYSTEMPATH\CodeIgniter.php(896): App\Controllers\pages->event()
 7 SYSTEMPATH\CodeIgniter.php(466): CodeIgniter\CodeIgniter->runController(Object(App\Controllers\pages))
 8 SYSTEMPATH\CodeIgniter.php(349): CodeIgniter\CodeIgniter->handleRequest(null, Object(Config\Cache), false)
 9 FCPATH\index.php(55): CodeIgniter\CodeIgniter->run()
10 SYSTEMPATH\Commands\Server\rewrite.php(43): require_once('FCPATH\\index.php')
CRITICAL - 2022-08-25 01:34:56 --> Undefined variable: data
in APPPATH\Views\pages\event.php on line 3.
 1 APPPATH\Views\pages\event.php(3): CodeIgniter\Debug\Exceptions->errorHandler(8, 'Undefined variable: data', 'APPPATH\\Views\\pages\\event.php', 3, [...])
 2 SYSTEMPATH\View\View.php(213): include('APPPATH\\Views\\pages\\event.php')
 3 SYSTEMPATH\View\View.php(216): CodeIgniter\View\View->CodeIgniter\View\{closure}()
 4 SYSTEMPATH\Common.php(1135): CodeIgniter\View\View->render('pages/event', [], true)
 5 APPPATH\Controllers\pages.php(19): view('pages/event', [...])
 6 SYSTEMPATH\CodeIgniter.php(896): App\Controllers\pages->event()
 7 SYSTEMPATH\CodeIgniter.php(466): CodeIgniter\CodeIgniter->runController(Object(App\Controllers\pages))
 8 SYSTEMPATH\CodeIgniter.php(349): CodeIgniter\CodeIgniter->handleRequest(null, Object(Config\Cache), false)
 9 FCPATH\index.php(55): CodeIgniter\CodeIgniter->run()
10 SYSTEMPATH\Commands\Server\rewrite.php(43): require_once('FCPATH\\index.php')
CRITICAL - 2022-08-25 01:35:03 --> Undefined variable: title
in APPPATH\Views\pages\event.php on line 3.
 1 APPPATH\Views\pages\event.php(3): CodeIgniter\Debug\Exceptions->errorHandler(8, 'Undefined variable: title', 'APPPATH\\Views\\pages\\event.php', 3, [...])
 2 SYSTEMPATH\View\View.php(213): include('APPPATH\\Views\\pages\\event.php')
 3 SYSTEMPATH\View\View.php(216): CodeIgniter\View\View->CodeIgniter\View\{closure}()
 4 SYSTEMPATH\Common.php(1135): CodeIgniter\View\View->render('pages/event', [], true)
 5 APPPATH\Controllers\pages.php(19): view('pages/event', [...])
 6 SYSTEMPATH\CodeIgniter.php(896): App\Controllers\pages->event()
 7 SYSTEMPATH\CodeIgniter.php(466): CodeIgniter\CodeIgniter->runController(Object(App\Controllers\pages))
 8 SYSTEMPATH\CodeIgniter.php(349): CodeIgniter\CodeIgniter->handleRequest(null, Object(Config\Cache), false)
 9 FCPATH\index.php(55): CodeIgniter\CodeIgniter->run()
10 SYSTEMPATH\Commands\Server\rewrite.php(43): require_once('FCPATH\\index.php')
CRITICAL - 2022-08-25 01:48:33 --> Trying to get property 'logo' of non-object
in APPPATH\Views\pages\home.php on line 36.
 1 APPPATH\Views\pages\home.php(36): CodeIgniter\Debug\Exceptions->errorHandler(8, 'Trying to get property \'logo\' of non-object', 'APPPATH\\Views\\pages\\home.php', 36, [...])
 2 SYSTEMPATH\View\View.php(213): include('APPPATH\\Views\\pages\\home.php')
 3 SYSTEMPATH\View\View.php(216): CodeIgniter\View\View->CodeIgniter\View\{closure}()
 4 SYSTEMPATH\Common.php(1135): CodeIgniter\View\View->render('pages/home', [], true)
 5 APPPATH\Controllers\pages.php(24): view('pages/home', [...])
 6 SYSTEMPATH\CodeIgniter.php(896): App\Controllers\pages->index()
 7 SYSTEMPATH\CodeIgniter.php(466): CodeIgniter\CodeIgniter->runController(Object(App\Controllers\pages))
 8 SYSTEMPATH\CodeIgniter.php(349): CodeIgniter\CodeIgniter->handleRequest(null, Object(Config\Cache), false)
 9 FCPATH\index.php(55): CodeIgniter\CodeIgniter->run()
10 SYSTEMPATH\Commands\Server\rewrite.php(43): require_once('FCPATH\\index.php')
