CRITICAL - 2022-09-19 01:47:59 --> Undefined index: sampul
in APPPATH\Views\pages\home.php on line 222.
 1 APPPATH\Views\pages\home.php(222): CodeIgniter\Debug\Exceptions->errorHandler(8, 'Undefined index: sampul', 'APPPATH\\Views\\pages\\home.php', 222, [...])
 2 SYSTEMPATH\View\View.php(213): include('APPPATH\\Views\\pages\\home.php')
 3 SYSTEMPATH\View\View.php(216): CodeIgniter\View\View->CodeIgniter\View\{closure}()
 4 SYSTEMPATH\Common.php(1135): CodeIgniter\View\View->render('pages/home', [], true)
 5 APPPATH\Controllers\PagesController.php(34): view('pages/home', [...])
 6 SYSTEMPATH\CodeIgniter.php(896): App\Controllers\PagesController->index()
 7 SYSTEMPATH\CodeIgniter.php(466): CodeIgniter\CodeIgniter->runController(Object(App\Controllers\PagesController))
 8 SYSTEMPATH\CodeIgniter.php(349): CodeIgniter\CodeIgniter->handleRequest(null, Object(Config\Cache), false)
 9 FCPATH\index.php(55): CodeIgniter\CodeIgniter->run()
10 SYSTEMPATH\Commands\Server\rewrite.php(43): require_once('FCPATH\\index.php')
CRITICAL - 2022-09-19 01:48:31 --> Undefined index: sampul
in APPPATH\Views\pages\home.php on line 222.
 1 APPPATH\Views\pages\home.php(222): CodeIgniter\Debug\Exceptions->errorHandler(8, 'Undefined index: sampul', 'APPPATH\\Views\\pages\\home.php', 222, [...])
 2 SYSTEMPATH\View\View.php(213): include('APPPATH\\Views\\pages\\home.php')
 3 SYSTEMPATH\View\View.php(216): CodeIgniter\View\View->CodeIgniter\View\{closure}()
 4 SYSTEMPATH\Common.php(1135): CodeIgniter\View\View->render('pages/home', [], true)
 5 APPPATH\Controllers\PagesController.php(34): view('pages/home', [...])
 6 SYSTEMPATH\CodeIgniter.php(896): App\Controllers\PagesController->index()
 7 SYSTEMPATH\CodeIgniter.php(466): CodeIgniter\CodeIgniter->runController(Object(App\Controllers\PagesController))
 8 SYSTEMPATH\CodeIgniter.php(349): CodeIgniter\CodeIgniter->handleRequest(null, Object(Config\Cache), false)
 9 FCPATH\index.php(55): CodeIgniter\CodeIgniter->run()
10 SYSTEMPATH\Commands\Server\rewrite.php(43): require_once('FCPATH\\index.php')
CRITICAL - 2022-09-19 01:48:35 --> Undefined index: sampul
in APPPATH\Views\pages\home.php on line 222.
 1 APPPATH\Views\pages\home.php(222): CodeIgniter\Debug\Exceptions->errorHandler(8, 'Undefined index: sampul', 'APPPATH\\Views\\pages\\home.php', 222, [...])
 2 SYSTEMPATH\View\View.php(213): include('APPPATH\\Views\\pages\\home.php')
 3 SYSTEMPATH\View\View.php(216): CodeIgniter\View\View->CodeIgniter\View\{closure}()
 4 SYSTEMPATH\Common.php(1135): CodeIgniter\View\View->render('pages/home', [], true)
 5 APPPATH\Controllers\PagesController.php(34): view('pages/home', [...])
 6 SYSTEMPATH\CodeIgniter.php(896): App\Controllers\PagesController->index()
 7 SYSTEMPATH\CodeIgniter.php(466): CodeIgniter\CodeIgniter->runController(Object(App\Controllers\PagesController))
 8 SYSTEMPATH\CodeIgniter.php(349): CodeIgniter\CodeIgniter->handleRequest(null, Object(Config\Cache), false)
 9 FCPATH\index.php(55): CodeIgniter\CodeIgniter->run()
10 SYSTEMPATH\Commands\Server\rewrite.php(43): require_once('FCPATH\\index.php')
CRITICAL - 2022-09-19 01:49:02 --> Undefined index: 
in APPPATH\Views\pages\home.php on line 222.
 1 APPPATH\Views\pages\home.php(222): CodeIgniter\Debug\Exceptions->errorHandler(8, 'Undefined index: ', 'APPPATH\\Views\\pages\\home.php', 222, [...])
 2 SYSTEMPATH\View\View.php(213): include('APPPATH\\Views\\pages\\home.php')
 3 SYSTEMPATH\View\View.php(216): CodeIgniter\View\View->CodeIgniter\View\{closure}()
 4 SYSTEMPATH\Common.php(1135): CodeIgniter\View\View->render('pages/home', [], true)
 5 APPPATH\Controllers\PagesController.php(34): view('pages/home', [...])
 6 SYSTEMPATH\CodeIgniter.php(896): App\Controllers\PagesController->index()
 7 SYSTEMPATH\CodeIgniter.php(466): CodeIgniter\CodeIgniter->runController(Object(App\Controllers\PagesController))
 8 SYSTEMPATH\CodeIgniter.php(349): CodeIgniter\CodeIgniter->handleRequest(null, Object(Config\Cache), false)
 9 FCPATH\index.php(55): CodeIgniter\CodeIgniter->run()
10 SYSTEMPATH\Commands\Server\rewrite.php(43): require_once('FCPATH\\index.php')
ERROR - 2022-09-19 10:24:07 --> Error connecting to the database: No connection could be made because the target machine actively refused it.

CRITICAL - 2022-09-19 10:24:07 --> Unable to connect to the database.
Main connection [MySQLi]: No connection could be made because the target machine actively refused it.

in SYSTEMPATH\Database\BaseConnection.php on line 416.
 1 SYSTEMPATH\Database\BaseConnection.php(586): CodeIgniter\Database\BaseConnection->initialize()
 2 SYSTEMPATH\Database\BaseBuilder.php(1585): CodeIgniter\Database\BaseConnection->query('SELECT *
FROM `event_single`
WHERE `event_single`.`deleted_at` IS NULL', [], false)
 3 SYSTEMPATH\Model.php(222): CodeIgniter\Database\BaseBuilder->get()
 4 SYSTEMPATH\BaseModel.php(584): CodeIgniter\Model->doFindAll(0, 0)
 5 APPPATH\Controllers\PagesController.php(42): CodeIgniter\BaseModel->findAll()
 6 SYSTEMPATH\CodeIgniter.php(896): App\Controllers\PagesController->event()
 7 SYSTEMPATH\CodeIgniter.php(466): CodeIgniter\CodeIgniter->runController(Object(App\Controllers\PagesController))
 8 SYSTEMPATH\CodeIgniter.php(349): CodeIgniter\CodeIgniter->handleRequest(null, Object(Config\Cache), false)
 9 FCPATH\index.php(55): CodeIgniter\CodeIgniter->run()
10 SYSTEMPATH\Commands\Server\rewrite.php(43): require_once('FCPATH\\index.php')
ERROR - 2022-09-19 10:24:33 --> Error connecting to the database: No connection could be made because the target machine actively refused it.

CRITICAL - 2022-09-19 10:24:33 --> Unable to connect to the database.
Main connection [MySQLi]: No connection could be made because the target machine actively refused it.

in SYSTEMPATH\Database\BaseConnection.php on line 416.
 1 SYSTEMPATH\Database\BaseConnection.php(586): CodeIgniter\Database\BaseConnection->initialize()
 2 SYSTEMPATH\Database\BaseBuilder.php(1585): CodeIgniter\Database\BaseConnection->query('SELECT *
FROM `blog_single`
WHERE `blog_single`.`deleted_at` IS NULL', [], false)
 3 SYSTEMPATH\Model.php(222): CodeIgniter\Database\BaseBuilder->get()
 4 SYSTEMPATH\BaseModel.php(584): CodeIgniter\Model->doFindAll(0, 0)
 5 APPPATH\Controllers\PagesController.php(64): CodeIgniter\BaseModel->findAll()
 6 SYSTEMPATH\CodeIgniter.php(896): App\Controllers\PagesController->blog()
 7 SYSTEMPATH\CodeIgniter.php(466): CodeIgniter\CodeIgniter->runController(Object(App\Controllers\PagesController))
 8 SYSTEMPATH\CodeIgniter.php(349): CodeIgniter\CodeIgniter->handleRequest(null, Object(Config\Cache), false)
 9 FCPATH\index.php(55): CodeIgniter\CodeIgniter->run()
10 SYSTEMPATH\Commands\Server\rewrite.php(43): require_once('FCPATH\\index.php')
CRITICAL - 2022-09-19 10:27:26 --> syntax error, unexpected end of file
in APPPATH\Views\pages\event-single.php on line 395.
 1 SYSTEMPATH\View\View.php(216): CodeIgniter\View\View->CodeIgniter\View\{closure}()
 2 SYSTEMPATH\Common.php(1135): CodeIgniter\View\View->render('pages/event-single', [], true)
 3 APPPATH\Controllers\PagesController.php(56): view('pages/event-single', [...])
 4 SYSTEMPATH\CodeIgniter.php(896): App\Controllers\PagesController->eventsingle()
 5 SYSTEMPATH\CodeIgniter.php(466): CodeIgniter\CodeIgniter->runController(Object(App\Controllers\PagesController))
 6 SYSTEMPATH\CodeIgniter.php(349): CodeIgniter\CodeIgniter->handleRequest(null, Object(Config\Cache), false)
 7 FCPATH\index.php(55): CodeIgniter\CodeIgniter->run()
 8 SYSTEMPATH\Commands\Server\rewrite.php(43): require_once('FCPATH\\index.php')
CRITICAL - 2022-09-19 10:31:50 --> syntax error, unexpected end of file
in APPPATH\Views\pages\event.php on line 154.
 1 SYSTEMPATH\View\View.php(216): CodeIgniter\View\View->CodeIgniter\View\{closure}()
 2 SYSTEMPATH\Common.php(1135): CodeIgniter\View\View->render('pages/event', [], true)
 3 APPPATH\Controllers\PagesController.php(45): view('pages/event', [...])
 4 SYSTEMPATH\CodeIgniter.php(896): App\Controllers\PagesController->event()
 5 SYSTEMPATH\CodeIgniter.php(466): CodeIgniter\CodeIgniter->runController(Object(App\Controllers\PagesController))
 6 SYSTEMPATH\CodeIgniter.php(349): CodeIgniter\CodeIgniter->handleRequest(null, Object(Config\Cache), false)
 7 FCPATH\index.php(55): CodeIgniter\CodeIgniter->run()
 8 SYSTEMPATH\Commands\Server\rewrite.php(43): require_once('FCPATH\\index.php')
CRITICAL - 2022-09-19 10:34:30 --> Undefined variable: blogs
in APPPATH\Views\pages\event.php on line 192.
 1 APPPATH\Views\pages\event.php(192): CodeIgniter\Debug\Exceptions->errorHandler(8, 'Undefined variable: blogs', 'APPPATH\\Views\\pages\\event.php', 192, [...])
 2 SYSTEMPATH\View\View.php(213): include('APPPATH\\Views\\pages\\event.php')
 3 SYSTEMPATH\View\View.php(216): CodeIgniter\View\View->CodeIgniter\View\{closure}()
 4 SYSTEMPATH\Common.php(1135): CodeIgniter\View\View->render('pages/event', [], true)
 5 APPPATH\Controllers\PagesController.php(45): view('pages/event', [...])
 6 SYSTEMPATH\CodeIgniter.php(896): App\Controllers\PagesController->event()
 7 SYSTEMPATH\CodeIgniter.php(466): CodeIgniter\CodeIgniter->runController(Object(App\Controllers\PagesController))
 8 SYSTEMPATH\CodeIgniter.php(349): CodeIgniter\CodeIgniter->handleRequest(null, Object(Config\Cache), false)
 9 FCPATH\index.php(55): CodeIgniter\CodeIgniter->run()
10 SYSTEMPATH\Commands\Server\rewrite.php(43): require_once('FCPATH\\index.php')
CRITICAL - 2022-09-19 10:35:08 --> Undefined variable: events
in APPPATH\Views\pages\event.php on line 192.
 1 APPPATH\Views\pages\event.php(192): CodeIgniter\Debug\Exceptions->errorHandler(8, 'Undefined variable: events', 'APPPATH\\Views\\pages\\event.php', 192, [...])
 2 SYSTEMPATH\View\View.php(213): include('APPPATH\\Views\\pages\\event.php')
 3 SYSTEMPATH\View\View.php(216): CodeIgniter\View\View->CodeIgniter\View\{closure}()
 4 SYSTEMPATH\Common.php(1135): CodeIgniter\View\View->render('pages/event', [], true)
 5 APPPATH\Controllers\PagesController.php(45): view('pages/event', [...])
 6 SYSTEMPATH\CodeIgniter.php(896): App\Controllers\PagesController->event()
 7 SYSTEMPATH\CodeIgniter.php(466): CodeIgniter\CodeIgniter->runController(Object(App\Controllers\PagesController))
 8 SYSTEMPATH\CodeIgniter.php(349): CodeIgniter\CodeIgniter->handleRequest(null, Object(Config\Cache), false)
 9 FCPATH\index.php(55): CodeIgniter\CodeIgniter->run()
10 SYSTEMPATH\Commands\Server\rewrite.php(43): require_once('FCPATH\\index.php')
CRITICAL - 2022-09-19 10:36:46 --> Undefined variable: events
in APPPATH\Views\pages\event.php on line 192.
 1 APPPATH\Views\pages\event.php(192): CodeIgniter\Debug\Exceptions->errorHandler(8, 'Undefined variable: events', 'APPPATH\\Views\\pages\\event.php', 192, [...])
 2 SYSTEMPATH\View\View.php(213): include('APPPATH\\Views\\pages\\event.php')
 3 SYSTEMPATH\View\View.php(216): CodeIgniter\View\View->CodeIgniter\View\{closure}()
 4 SYSTEMPATH\Common.php(1135): CodeIgniter\View\View->render('pages/event', [], true)
 5 APPPATH\Controllers\PagesController.php(45): view('pages/event', [...])
 6 SYSTEMPATH\CodeIgniter.php(896): App\Controllers\PagesController->event()
 7 SYSTEMPATH\CodeIgniter.php(466): CodeIgniter\CodeIgniter->runController(Object(App\Controllers\PagesController))
 8 SYSTEMPATH\CodeIgniter.php(349): CodeIgniter\CodeIgniter->handleRequest(null, Object(Config\Cache), false)
 9 FCPATH\index.php(55): CodeIgniter\CodeIgniter->run()
10 SYSTEMPATH\Commands\Server\rewrite.php(43): require_once('FCPATH\\index.php')
CRITICAL - 2022-09-19 10:37:35 --> Undefined variable: events
in APPPATH\Views\pages\event.php on line 161.
 1 APPPATH\Views\pages\event.php(161): CodeIgniter\Debug\Exceptions->errorHandler(8, 'Undefined variable: events', 'APPPATH\\Views\\pages\\event.php', 161, [...])
 2 SYSTEMPATH\View\View.php(213): include('APPPATH\\Views\\pages\\event.php')
 3 SYSTEMPATH\View\View.php(216): CodeIgniter\View\View->CodeIgniter\View\{closure}()
 4 SYSTEMPATH\Common.php(1135): CodeIgniter\View\View->render('pages/event', [], true)
 5 APPPATH\Controllers\PagesController.php(45): view('pages/event', [...])
 6 SYSTEMPATH\CodeIgniter.php(896): App\Controllers\PagesController->event()
 7 SYSTEMPATH\CodeIgniter.php(466): CodeIgniter\CodeIgniter->runController(Object(App\Controllers\PagesController))
 8 SYSTEMPATH\CodeIgniter.php(349): CodeIgniter\CodeIgniter->handleRequest(null, Object(Config\Cache), false)
 9 FCPATH\index.php(55): CodeIgniter\CodeIgniter->run()
10 SYSTEMPATH\Commands\Server\rewrite.php(43): require_once('FCPATH\\index.php')
CRITICAL - 2022-09-19 10:38:18 --> Undefined variable: events
in APPPATH\Views\pages\event.php on line 161.
 1 APPPATH\Views\pages\event.php(161): CodeIgniter\Debug\Exceptions->errorHandler(8, 'Undefined variable: events', 'APPPATH\\Views\\pages\\event.php', 161, [...])
 2 SYSTEMPATH\View\View.php(213): include('APPPATH\\Views\\pages\\event.php')
 3 SYSTEMPATH\View\View.php(216): CodeIgniter\View\View->CodeIgniter\View\{closure}()
 4 SYSTEMPATH\Common.php(1135): CodeIgniter\View\View->render('pages/event', [], true)
 5 APPPATH\Controllers\PagesController.php(45): view('pages/event', [...])
 6 SYSTEMPATH\CodeIgniter.php(896): App\Controllers\PagesController->event()
 7 SYSTEMPATH\CodeIgniter.php(466): CodeIgniter\CodeIgniter->runController(Object(App\Controllers\PagesController))
 8 SYSTEMPATH\CodeIgniter.php(349): CodeIgniter\CodeIgniter->handleRequest(null, Object(Config\Cache), false)
 9 FCPATH\index.php(55): CodeIgniter\CodeIgniter->run()
10 SYSTEMPATH\Commands\Server\rewrite.php(43): require_once('FCPATH\\index.php')
CRITICAL - 2022-09-19 10:38:24 --> Undefined variable: blogs
in APPPATH\Views\pages\event.php on line 192.
 1 APPPATH\Views\pages\event.php(192): CodeIgniter\Debug\Exceptions->errorHandler(8, 'Undefined variable: blogs', 'APPPATH\\Views\\pages\\event.php', 192, [...])
 2 SYSTEMPATH\View\View.php(213): include('APPPATH\\Views\\pages\\event.php')
 3 SYSTEMPATH\View\View.php(216): CodeIgniter\View\View->CodeIgniter\View\{closure}()
 4 SYSTEMPATH\Common.php(1135): CodeIgniter\View\View->render('pages/event', [], true)
 5 APPPATH\Controllers\PagesController.php(45): view('pages/event', [...])
 6 SYSTEMPATH\CodeIgniter.php(896): App\Controllers\PagesController->event()
 7 SYSTEMPATH\CodeIgniter.php(466): CodeIgniter\CodeIgniter->runController(Object(App\Controllers\PagesController))
 8 SYSTEMPATH\CodeIgniter.php(349): CodeIgniter\CodeIgniter->handleRequest(null, Object(Config\Cache), false)
 9 FCPATH\index.php(55): CodeIgniter\CodeIgniter->run()
10 SYSTEMPATH\Commands\Server\rewrite.php(43): require_once('FCPATH\\index.php')
CRITICAL - 2022-09-19 10:39:04 --> Undefined variable: events
in APPPATH\Views\pages\event.php on line 192.
 1 APPPATH\Views\pages\event.php(192): CodeIgniter\Debug\Exceptions->errorHandler(8, 'Undefined variable: events', 'APPPATH\\Views\\pages\\event.php', 192, [...])
 2 SYSTEMPATH\View\View.php(213): include('APPPATH\\Views\\pages\\event.php')
 3 SYSTEMPATH\View\View.php(216): CodeIgniter\View\View->CodeIgniter\View\{closure}()
 4 SYSTEMPATH\Common.php(1135): CodeIgniter\View\View->render('pages/event', [], true)
 5 APPPATH\Controllers\PagesController.php(45): view('pages/event', [...])
 6 SYSTEMPATH\CodeIgniter.php(896): App\Controllers\PagesController->event()
 7 SYSTEMPATH\CodeIgniter.php(466): CodeIgniter\CodeIgniter->runController(Object(App\Controllers\PagesController))
 8 SYSTEMPATH\CodeIgniter.php(349): CodeIgniter\CodeIgniter->handleRequest(null, Object(Config\Cache), false)
 9 FCPATH\index.php(55): CodeIgniter\CodeIgniter->run()
10 SYSTEMPATH\Commands\Server\rewrite.php(43): require_once('FCPATH\\index.php')
CRITICAL - 2022-09-19 10:40:44 --> Undefined variable: blogs
in APPPATH\Views\pages\event.php on line 192.
 1 APPPATH\Views\pages\event.php(192): CodeIgniter\Debug\Exceptions->errorHandler(8, 'Undefined variable: blogs', 'APPPATH\\Views\\pages\\event.php', 192, [...])
 2 SYSTEMPATH\View\View.php(213): include('APPPATH\\Views\\pages\\event.php')
 3 SYSTEMPATH\View\View.php(216): CodeIgniter\View\View->CodeIgniter\View\{closure}()
 4 SYSTEMPATH\Common.php(1135): CodeIgniter\View\View->render('pages/event', [], true)
 5 APPPATH\Controllers\PagesController.php(45): view('pages/event', [...])
 6 SYSTEMPATH\CodeIgniter.php(896): App\Controllers\PagesController->event()
 7 SYSTEMPATH\CodeIgniter.php(466): CodeIgniter\CodeIgniter->runController(Object(App\Controllers\PagesController))
 8 SYSTEMPATH\CodeIgniter.php(349): CodeIgniter\CodeIgniter->handleRequest(null, Object(Config\Cache), false)
 9 FCPATH\index.php(55): CodeIgniter\CodeIgniter->run()
10 SYSTEMPATH\Commands\Server\rewrite.php(43): require_once('FCPATH\\index.php')
CRITICAL - 2022-09-19 23:04:47 --> Undefined index: konten
in APPPATH\Views\pages\event.php on line 213.
 1 APPPATH\Views\pages\event.php(213): CodeIgniter\Debug\Exceptions->errorHandler(8, 'Undefined index: konten', 'APPPATH\\Views\\pages\\event.php', 213, [...])
 2 SYSTEMPATH\View\View.php(213): include('APPPATH\\Views\\pages\\event.php')
 3 SYSTEMPATH\View\View.php(216): CodeIgniter\View\View->CodeIgniter\View\{closure}()
 4 SYSTEMPATH\Common.php(1135): CodeIgniter\View\View->render('pages/event', [], true)
 5 APPPATH\Controllers\PagesController.php(48): view('pages/event', [...])
 6 SYSTEMPATH\CodeIgniter.php(896): App\Controllers\PagesController->event()
 7 SYSTEMPATH\CodeIgniter.php(466): CodeIgniter\CodeIgniter->runController(Object(App\Controllers\PagesController))
 8 SYSTEMPATH\CodeIgniter.php(349): CodeIgniter\CodeIgniter->handleRequest(null, Object(Config\Cache), false)
 9 FCPATH\index.php(55): CodeIgniter\CodeIgniter->run()
10 SYSTEMPATH\Commands\Server\rewrite.php(43): require_once('FCPATH\\index.php')
