CRITICAL - 2022-09-13 00:06:02 --> syntax error, unexpected 'dd' (T_STRING)
in APPPATH\Controllers\PagesController.php on line 41.
 1 SYSTEMPATH\Autoloader\Autoloader.php(261): CodeIgniter\Autoloader\Autoloader->includeFile('APPPATH\\Controllers\\PagesController.php')
 2 SYSTEMPATH\Autoloader\Autoloader.php(239): CodeIgniter\Autoloader\Autoloader->loadInNamespace('App\\Controllers\\PagesController')
 3 [internal function]: CodeIgniter\Autoloader\Autoloader->loadClass('App\\Controllers\\PagesController')
 4 [internal function]: spl_autoload_call('App\\Controllers\\PagesController')
 5 SYSTEMPATH\CodeIgniter.php(846): class_exists('\\App\\Controllers\\PagesController', true)
 6 SYSTEMPATH\CodeIgniter.php(453): CodeIgniter\CodeIgniter->startController()
 7 SYSTEMPATH\CodeIgniter.php(349): CodeIgniter\CodeIgniter->handleRequest(null, Object(Config\Cache), false)
 8 FCPATH\index.php(55): CodeIgniter\CodeIgniter->run()
 9 SYSTEMPATH\Commands\Server\rewrite.php(43): require_once('FCPATH\\index.php')
CRITICAL - 2022-09-13 00:06:37 --> syntax error, unexpected 'dd' (T_STRING)
in APPPATH\Controllers\PagesController.php on line 41.
 1 SYSTEMPATH\Autoloader\Autoloader.php(261): CodeIgniter\Autoloader\Autoloader->includeFile('APPPATH\\Controllers\\PagesController.php')
 2 SYSTEMPATH\Autoloader\Autoloader.php(239): CodeIgniter\Autoloader\Autoloader->loadInNamespace('App\\Controllers\\PagesController')
 3 [internal function]: CodeIgniter\Autoloader\Autoloader->loadClass('App\\Controllers\\PagesController')
 4 [internal function]: spl_autoload_call('App\\Controllers\\PagesController')
 5 SYSTEMPATH\CodeIgniter.php(846): class_exists('\\App\\Controllers\\PagesController', true)
 6 SYSTEMPATH\CodeIgniter.php(453): CodeIgniter\CodeIgniter->startController()
 7 SYSTEMPATH\CodeIgniter.php(349): CodeIgniter\CodeIgniter->handleRequest(null, Object(Config\Cache), false)
 8 FCPATH\index.php(55): CodeIgniter\CodeIgniter->run()
 9 SYSTEMPATH\Commands\Server\rewrite.php(43): require_once('FCPATH\\index.php')
CRITICAL - 2022-09-13 00:09:52 --> syntax error, unexpected 'dd' (T_STRING)
in APPPATH\Controllers\PagesController.php on line 41.
 1 SYSTEMPATH\Autoloader\Autoloader.php(261): CodeIgniter\Autoloader\Autoloader->includeFile('APPPATH\\Controllers\\PagesController.php')
 2 SYSTEMPATH\Autoloader\Autoloader.php(239): CodeIgniter\Autoloader\Autoloader->loadInNamespace('App\\Controllers\\PagesController')
 3 [internal function]: CodeIgniter\Autoloader\Autoloader->loadClass('App\\Controllers\\PagesController')
 4 [internal function]: spl_autoload_call('App\\Controllers\\PagesController')
 5 SYSTEMPATH\CodeIgniter.php(846): class_exists('\\App\\Controllers\\PagesController', true)
 6 SYSTEMPATH\CodeIgniter.php(453): CodeIgniter\CodeIgniter->startController()
 7 SYSTEMPATH\CodeIgniter.php(349): CodeIgniter\CodeIgniter->handleRequest(null, Object(Config\Cache), false)
 8 FCPATH\index.php(55): CodeIgniter\CodeIgniter->run()
 9 SYSTEMPATH\Commands\Server\rewrite.php(43): require_once('FCPATH\\index.php')
CRITICAL - 2022-09-13 00:12:02 --> syntax error, unexpected 'return' (T_RETURN)
in APPPATH\Controllers\PagesController.php on line 43.
 1 SYSTEMPATH\Autoloader\Autoloader.php(261): CodeIgniter\Autoloader\Autoloader->includeFile('APPPATH\\Controllers\\PagesController.php')
 2 SYSTEMPATH\Autoloader\Autoloader.php(239): CodeIgniter\Autoloader\Autoloader->loadInNamespace('App\\Controllers\\PagesController')
 3 [internal function]: CodeIgniter\Autoloader\Autoloader->loadClass('App\\Controllers\\PagesController')
 4 [internal function]: spl_autoload_call('App\\Controllers\\PagesController')
 5 SYSTEMPATH\CodeIgniter.php(846): class_exists('\\App\\Controllers\\PagesController', true)
 6 SYSTEMPATH\CodeIgniter.php(453): CodeIgniter\CodeIgniter->startController()
 7 SYSTEMPATH\CodeIgniter.php(349): CodeIgniter\CodeIgniter->handleRequest(null, Object(Config\Cache), false)
 8 FCPATH\index.php(55): CodeIgniter\CodeIgniter->run()
 9 SYSTEMPATH\Commands\Server\rewrite.php(43): require_once('FCPATH\\index.php')
CRITICAL - 2022-09-13 00:12:15 --> syntax error, unexpected 'return' (T_RETURN)
in APPPATH\Controllers\PagesController.php on line 43.
 1 SYSTEMPATH\Autoloader\Autoloader.php(261): CodeIgniter\Autoloader\Autoloader->includeFile('APPPATH\\Controllers\\PagesController.php')
 2 SYSTEMPATH\Autoloader\Autoloader.php(239): CodeIgniter\Autoloader\Autoloader->loadInNamespace('App\\Controllers\\PagesController')
 3 [internal function]: CodeIgniter\Autoloader\Autoloader->loadClass('App\\Controllers\\PagesController')
 4 [internal function]: spl_autoload_call('App\\Controllers\\PagesController')
 5 SYSTEMPATH\CodeIgniter.php(846): class_exists('\\App\\Controllers\\PagesController', true)
 6 SYSTEMPATH\CodeIgniter.php(453): CodeIgniter\CodeIgniter->startController()
 7 SYSTEMPATH\CodeIgniter.php(349): CodeIgniter\CodeIgniter->handleRequest(null, Object(Config\Cache), false)
 8 FCPATH\index.php(55): CodeIgniter\CodeIgniter->run()
 9 SYSTEMPATH\Commands\Server\rewrite.php(43): require_once('FCPATH\\index.php')
CRITICAL - 2022-09-13 00:12:27 --> syntax error, unexpected 'dd' (T_STRING)
in APPPATH\Controllers\PagesController.php on line 53.
 1 SYSTEMPATH\Autoloader\Autoloader.php(261): CodeIgniter\Autoloader\Autoloader->includeFile('APPPATH\\Controllers\\PagesController.php')
 2 SYSTEMPATH\Autoloader\Autoloader.php(239): CodeIgniter\Autoloader\Autoloader->loadInNamespace('App\\Controllers\\PagesController')
 3 [internal function]: CodeIgniter\Autoloader\Autoloader->loadClass('App\\Controllers\\PagesController')
 4 [internal function]: spl_autoload_call('App\\Controllers\\PagesController')
 5 SYSTEMPATH\CodeIgniter.php(846): class_exists('\\App\\Controllers\\PagesController', true)
 6 SYSTEMPATH\CodeIgniter.php(453): CodeIgniter\CodeIgniter->startController()
 7 SYSTEMPATH\CodeIgniter.php(349): CodeIgniter\CodeIgniter->handleRequest(null, Object(Config\Cache), false)
 8 FCPATH\index.php(55): CodeIgniter\CodeIgniter->run()
 9 SYSTEMPATH\Commands\Server\rewrite.php(43): require_once('FCPATH\\index.php')
CRITICAL - 2022-09-13 00:50:57 --> Trying to get property 'judul' of non-object
in APPPATH\Views\pages\blog.php on line 65.
 1 APPPATH\Views\pages\blog.php(65): CodeIgniter\Debug\Exceptions->errorHandler(8, 'Trying to get property \'judul\' of non-object', 'APPPATH\\Views\\pages\\blog.php', 65, [...])
 2 SYSTEMPATH\View\View.php(213): include('APPPATH\\Views\\pages\\blog.php')
 3 SYSTEMPATH\View\View.php(216): CodeIgniter\View\View->CodeIgniter\View\{closure}()
 4 SYSTEMPATH\Common.php(1135): CodeIgniter\View\View->render('pages/blog', [], true)
 5 APPPATH\Controllers\PagesController.php(46): view('pages/blog', [...])
 6 SYSTEMPATH\CodeIgniter.php(896): App\Controllers\PagesController->blog()
 7 SYSTEMPATH\CodeIgniter.php(466): CodeIgniter\CodeIgniter->runController(Object(App\Controllers\PagesController))
 8 SYSTEMPATH\CodeIgniter.php(349): CodeIgniter\CodeIgniter->handleRequest(null, Object(Config\Cache), false)
 9 FCPATH\index.php(55): CodeIgniter\CodeIgniter->run()
10 SYSTEMPATH\Commands\Server\rewrite.php(43): require_once('FCPATH\\index.php')
CRITICAL - 2022-09-13 02:15:30 --> Invalid file: pages/blogsingle.php
in SYSTEMPATH\Exceptions\FrameworkException.php on line 33.
 1 SYSTEMPATH\View\View.php(201): CodeIgniter\Exceptions\FrameworkException::forInvalidFile('pages/blogsingle.php')
 2 SYSTEMPATH\Common.php(1135): CodeIgniter\View\View->render('pages/blogsingle', [], true)
 3 APPPATH\Controllers\PagesController.php(55): view('pages/blogsingle', [...])
 4 SYSTEMPATH\CodeIgniter.php(896): App\Controllers\PagesController->blogsingle()
 5 SYSTEMPATH\CodeIgniter.php(466): CodeIgniter\CodeIgniter->runController(Object(App\Controllers\PagesController))
 6 SYSTEMPATH\CodeIgniter.php(349): CodeIgniter\CodeIgniter->handleRequest(null, Object(Config\Cache), false)
 7 FCPATH\index.php(55): CodeIgniter\CodeIgniter->run()
 8 SYSTEMPATH\Commands\Server\rewrite.php(43): require_once('FCPATH\\index.php')
CRITICAL - 2022-09-13 02:16:49 --> Call to undefined method CodeIgniter\View\View::exetend()
in APPPATH\Views\pages\blog-single.php on line 2.
 1 SYSTEMPATH\View\View.php(213): include()
 2 SYSTEMPATH\View\View.php(216): CodeIgniter\View\View->CodeIgniter\View\{closure}()
 3 SYSTEMPATH\Common.php(1135): CodeIgniter\View\View->render('pages/blog-single', [], true)
 4 APPPATH\Controllers\PagesController.php(55): view('pages/blog-single', [...])
 5 SYSTEMPATH\CodeIgniter.php(896): App\Controllers\PagesController->blogsingle()
 6 SYSTEMPATH\CodeIgniter.php(466): CodeIgniter\CodeIgniter->runController(Object(App\Controllers\PagesController))
 7 SYSTEMPATH\CodeIgniter.php(349): CodeIgniter\CodeIgniter->handleRequest(null, Object(Config\Cache), false)
 8 FCPATH\index.php(55): CodeIgniter\CodeIgniter->run()
 9 SYSTEMPATH\Commands\Server\rewrite.php(43): require_once('FCPATH\\index.php')
CRITICAL - 2022-09-13 02:29:02 --> Array and string offset access syntax with curly braces is deprecated
in APPPATH\Views\pages\blog-single.php on line 33.
 1 SYSTEMPATH\View\View.php(213): CodeIgniter\Debug\Exceptions->errorHandler(8192, 'Array and string offset access syntax with curly braces is deprecated', 'APPPATH\\Views\\pages\\blog-single.php', 33, [...])
 2 SYSTEMPATH\View\View.php(213): include()
 3 SYSTEMPATH\View\View.php(216): CodeIgniter\View\View->CodeIgniter\View\{closure}()
 4 SYSTEMPATH\Common.php(1135): CodeIgniter\View\View->render('pages/blog-single', [], true)
 5 APPPATH\Controllers\PagesController.php(55): view('pages/blog-single', [...])
 6 SYSTEMPATH\CodeIgniter.php(896): App\Controllers\PagesController->blogsingle()
 7 SYSTEMPATH\CodeIgniter.php(466): CodeIgniter\CodeIgniter->runController(Object(App\Controllers\PagesController))
 8 SYSTEMPATH\CodeIgniter.php(349): CodeIgniter\CodeIgniter->handleRequest(null, Object(Config\Cache), false)
 9 FCPATH\index.php(55): CodeIgniter\CodeIgniter->run()
10 SYSTEMPATH\Commands\Server\rewrite.php(43): require_once('FCPATH\\index.php')
CRITICAL - 2022-09-13 02:30:03 --> Undefined variable: blog
in APPPATH\Views\pages\blog-single.php on line 29.
 1 APPPATH\Views\pages\blog-single.php(29): CodeIgniter\Debug\Exceptions->errorHandler(8, 'Undefined variable: blog', 'APPPATH\\Views\\pages\\blog-single.php', 29, [...])
 2 SYSTEMPATH\View\View.php(213): include('APPPATH\\Views\\pages\\blog-single.php')
 3 SYSTEMPATH\View\View.php(216): CodeIgniter\View\View->CodeIgniter\View\{closure}()
 4 SYSTEMPATH\Common.php(1135): CodeIgniter\View\View->render('pages/blog-single', [], true)
 5 APPPATH\Controllers\PagesController.php(55): view('pages/blog-single', [...])
 6 SYSTEMPATH\CodeIgniter.php(896): App\Controllers\PagesController->blogsingle()
 7 SYSTEMPATH\CodeIgniter.php(466): CodeIgniter\CodeIgniter->runController(Object(App\Controllers\PagesController))
 8 SYSTEMPATH\CodeIgniter.php(349): CodeIgniter\CodeIgniter->handleRequest(null, Object(Config\Cache), false)
 9 FCPATH\index.php(55): CodeIgniter\CodeIgniter->run()
10 SYSTEMPATH\Commands\Server\rewrite.php(43): require_once('FCPATH\\index.php')
CRITICAL - 2022-09-13 02:33:47 --> Undefined variable: blog
in APPPATH\Views\pages\blog-single.php on line 29.
 1 APPPATH\Views\pages\blog-single.php(29): CodeIgniter\Debug\Exceptions->errorHandler(8, 'Undefined variable: blog', 'APPPATH\\Views\\pages\\blog-single.php', 29, [...])
 2 SYSTEMPATH\View\View.php(213): include('APPPATH\\Views\\pages\\blog-single.php')
 3 SYSTEMPATH\View\View.php(216): CodeIgniter\View\View->CodeIgniter\View\{closure}()
 4 SYSTEMPATH\Common.php(1135): CodeIgniter\View\View->render('pages/blog-single', [], true)
 5 APPPATH\Controllers\PagesController.php(55): view('pages/blog-single', [...])
 6 SYSTEMPATH\CodeIgniter.php(896): App\Controllers\PagesController->blogsingle()
 7 SYSTEMPATH\CodeIgniter.php(466): CodeIgniter\CodeIgniter->runController(Object(App\Controllers\PagesController))
 8 SYSTEMPATH\CodeIgniter.php(349): CodeIgniter\CodeIgniter->handleRequest(null, Object(Config\Cache), false)
 9 FCPATH\index.php(55): CodeIgniter\CodeIgniter->run()
10 SYSTEMPATH\Commands\Server\rewrite.php(43): require_once('FCPATH\\index.php')
CRITICAL - 2022-09-13 02:34:04 --> Undefined variable: blogs
in APPPATH\Views\pages\blog-single.php on line 29.
 1 APPPATH\Views\pages\blog-single.php(29): CodeIgniter\Debug\Exceptions->errorHandler(8, 'Undefined variable: blogs', 'APPPATH\\Views\\pages\\blog-single.php', 29, [...])
 2 SYSTEMPATH\View\View.php(213): include('APPPATH\\Views\\pages\\blog-single.php')
 3 SYSTEMPATH\View\View.php(216): CodeIgniter\View\View->CodeIgniter\View\{closure}()
 4 SYSTEMPATH\Common.php(1135): CodeIgniter\View\View->render('pages/blog-single', [], true)
 5 APPPATH\Controllers\PagesController.php(55): view('pages/blog-single', [...])
 6 SYSTEMPATH\CodeIgniter.php(896): App\Controllers\PagesController->blogsingle()
 7 SYSTEMPATH\CodeIgniter.php(466): CodeIgniter\CodeIgniter->runController(Object(App\Controllers\PagesController))
 8 SYSTEMPATH\CodeIgniter.php(349): CodeIgniter\CodeIgniter->handleRequest(null, Object(Config\Cache), false)
 9 FCPATH\index.php(55): CodeIgniter\CodeIgniter->run()
10 SYSTEMPATH\Commands\Server\rewrite.php(43): require_once('FCPATH\\index.php')
CRITICAL - 2022-09-13 02:34:07 --> Undefined variable: blogs
in APPPATH\Views\pages\blog-single.php on line 29.
 1 APPPATH\Views\pages\blog-single.php(29): CodeIgniter\Debug\Exceptions->errorHandler(8, 'Undefined variable: blogs', 'APPPATH\\Views\\pages\\blog-single.php', 29, [...])
 2 SYSTEMPATH\View\View.php(213): include('APPPATH\\Views\\pages\\blog-single.php')
 3 SYSTEMPATH\View\View.php(216): CodeIgniter\View\View->CodeIgniter\View\{closure}()
 4 SYSTEMPATH\Common.php(1135): CodeIgniter\View\View->render('pages/blog-single', [], true)
 5 APPPATH\Controllers\PagesController.php(55): view('pages/blog-single', [...])
 6 SYSTEMPATH\CodeIgniter.php(896): App\Controllers\PagesController->blogsingle()
 7 SYSTEMPATH\CodeIgniter.php(466): CodeIgniter\CodeIgniter->runController(Object(App\Controllers\PagesController))
 8 SYSTEMPATH\CodeIgniter.php(349): CodeIgniter\CodeIgniter->handleRequest(null, Object(Config\Cache), false)
 9 FCPATH\index.php(55): CodeIgniter\CodeIgniter->run()
10 SYSTEMPATH\Commands\Server\rewrite.php(43): require_once('FCPATH\\index.php')
CRITICAL - 2022-09-13 02:34:32 --> Undefined variable: blogs
in APPPATH\Views\pages\blog-single.php on line 29.
 1 APPPATH\Views\pages\blog-single.php(29): CodeIgniter\Debug\Exceptions->errorHandler(8, 'Undefined variable: blogs', 'APPPATH\\Views\\pages\\blog-single.php', 29, [...])
 2 SYSTEMPATH\View\View.php(213): include('APPPATH\\Views\\pages\\blog-single.php')
 3 SYSTEMPATH\View\View.php(216): CodeIgniter\View\View->CodeIgniter\View\{closure}()
 4 SYSTEMPATH\Common.php(1135): CodeIgniter\View\View->render('pages/blog-single', [], true)
 5 APPPATH\Controllers\PagesController.php(55): view('pages/blog-single', [...])
 6 SYSTEMPATH\CodeIgniter.php(896): App\Controllers\PagesController->blogsingle()
 7 SYSTEMPATH\CodeIgniter.php(466): CodeIgniter\CodeIgniter->runController(Object(App\Controllers\PagesController))
 8 SYSTEMPATH\CodeIgniter.php(349): CodeIgniter\CodeIgniter->handleRequest(null, Object(Config\Cache), false)
 9 FCPATH\index.php(55): CodeIgniter\CodeIgniter->run()
10 SYSTEMPATH\Commands\Server\rewrite.php(43): require_once('FCPATH\\index.php')
CRITICAL - 2022-09-13 02:37:48 --> Undefined variable: blogs
in APPPATH\Views\pages\blog-single.php on line 29.
 1 APPPATH\Views\pages\blog-single.php(29): CodeIgniter\Debug\Exceptions->errorHandler(8, 'Undefined variable: blogs', 'APPPATH\\Views\\pages\\blog-single.php', 29, [...])
 2 SYSTEMPATH\View\View.php(213): include('APPPATH\\Views\\pages\\blog-single.php')
 3 SYSTEMPATH\View\View.php(216): CodeIgniter\View\View->CodeIgniter\View\{closure}()
 4 SYSTEMPATH\Common.php(1135): CodeIgniter\View\View->render('pages/blog-single', [], true)
 5 APPPATH\Controllers\PagesController.php(59): view('pages/blog-single', [...])
 6 SYSTEMPATH\CodeIgniter.php(896): App\Controllers\PagesController->blogsingle()
 7 SYSTEMPATH\CodeIgniter.php(466): CodeIgniter\CodeIgniter->runController(Object(App\Controllers\PagesController))
 8 SYSTEMPATH\CodeIgniter.php(349): CodeIgniter\CodeIgniter->handleRequest(null, Object(Config\Cache), false)
 9 FCPATH\index.php(55): CodeIgniter\CodeIgniter->run()
10 SYSTEMPATH\Commands\Server\rewrite.php(43): require_once('FCPATH\\index.php')
CRITICAL - 2022-09-13 02:38:57 --> Undefined variable: blogs
in APPPATH\Views\pages\blog-single.php on line 29.
 1 APPPATH\Views\pages\blog-single.php(29): CodeIgniter\Debug\Exceptions->errorHandler(8, 'Undefined variable: blogs', 'APPPATH\\Views\\pages\\blog-single.php', 29, [...])
 2 SYSTEMPATH\View\View.php(213): include('APPPATH\\Views\\pages\\blog-single.php')
 3 SYSTEMPATH\View\View.php(216): CodeIgniter\View\View->CodeIgniter\View\{closure}()
 4 SYSTEMPATH\Common.php(1135): CodeIgniter\View\View->render('pages/blog-single', [], true)
 5 APPPATH\Controllers\PagesController.php(59): view('pages/blog-single', [...])
 6 SYSTEMPATH\CodeIgniter.php(896): App\Controllers\PagesController->blogsingle()
 7 SYSTEMPATH\CodeIgniter.php(466): CodeIgniter\CodeIgniter->runController(Object(App\Controllers\PagesController))
 8 SYSTEMPATH\CodeIgniter.php(349): CodeIgniter\CodeIgniter->handleRequest(null, Object(Config\Cache), false)
 9 FCPATH\index.php(55): CodeIgniter\CodeIgniter->run()
10 SYSTEMPATH\Commands\Server\rewrite.php(43): require_once('FCPATH\\index.php')
CRITICAL - 2022-09-13 02:40:28 --> Undefined variable: blogs
in APPPATH\Views\pages\blog-single.php on line 29.
 1 APPPATH\Views\pages\blog-single.php(29): CodeIgniter\Debug\Exceptions->errorHandler(8, 'Undefined variable: blogs', 'APPPATH\\Views\\pages\\blog-single.php', 29, [...])
 2 SYSTEMPATH\View\View.php(213): include('APPPATH\\Views\\pages\\blog-single.php')
 3 SYSTEMPATH\View\View.php(216): CodeIgniter\View\View->CodeIgniter\View\{closure}()
 4 SYSTEMPATH\Common.php(1135): CodeIgniter\View\View->render('pages/blog-single', [], true)
 5 APPPATH\Controllers\PagesController.php(59): view('pages/blog-single', [...])
 6 SYSTEMPATH\CodeIgniter.php(896): App\Controllers\PagesController->blogsingle()
 7 SYSTEMPATH\CodeIgniter.php(466): CodeIgniter\CodeIgniter->runController(Object(App\Controllers\PagesController))
 8 SYSTEMPATH\CodeIgniter.php(349): CodeIgniter\CodeIgniter->handleRequest(null, Object(Config\Cache), false)
 9 FCPATH\index.php(55): CodeIgniter\CodeIgniter->run()
10 SYSTEMPATH\Commands\Server\rewrite.php(43): require_once('FCPATH\\index.php')
CRITICAL - 2022-09-13 02:40:40 --> Undefined variable: blogs
in APPPATH\Views\pages\blog-single.php on line 29.
 1 APPPATH\Views\pages\blog-single.php(29): CodeIgniter\Debug\Exceptions->errorHandler(8, 'Undefined variable: blogs', 'APPPATH\\Views\\pages\\blog-single.php', 29, [...])
 2 SYSTEMPATH\View\View.php(213): include('APPPATH\\Views\\pages\\blog-single.php')
 3 SYSTEMPATH\View\View.php(216): CodeIgniter\View\View->CodeIgniter\View\{closure}()
 4 SYSTEMPATH\Common.php(1135): CodeIgniter\View\View->render('pages/blog-single', [], true)
 5 APPPATH\Controllers\PagesController.php(59): view('pages/blog-single', [...])
 6 SYSTEMPATH\CodeIgniter.php(896): App\Controllers\PagesController->blogsingle()
 7 SYSTEMPATH\CodeIgniter.php(466): CodeIgniter\CodeIgniter->runController(Object(App\Controllers\PagesController))
 8 SYSTEMPATH\CodeIgniter.php(349): CodeIgniter\CodeIgniter->handleRequest(null, Object(Config\Cache), false)
 9 FCPATH\index.php(55): CodeIgniter\CodeIgniter->run()
10 SYSTEMPATH\Commands\Server\rewrite.php(43): require_once('FCPATH\\index.php')
CRITICAL - 2022-09-13 03:16:46 --> Undefined index: content
in APPPATH\Views\pages\blog.php on line 78.
 1 APPPATH\Views\pages\blog.php(78): CodeIgniter\Debug\Exceptions->errorHandler(8, 'Undefined index: content', 'APPPATH\\Views\\pages\\blog.php', 78, [...])
 2 SYSTEMPATH\View\View.php(213): include('APPPATH\\Views\\pages\\blog.php')
 3 SYSTEMPATH\View\View.php(216): CodeIgniter\View\View->CodeIgniter\View\{closure}()
 4 SYSTEMPATH\Common.php(1135): CodeIgniter\View\View->render('pages/blog', [], true)
 5 APPPATH\Controllers\PagesController.php(48): view('pages/blog', [...])
 6 SYSTEMPATH\CodeIgniter.php(896): App\Controllers\PagesController->blog()
 7 SYSTEMPATH\CodeIgniter.php(466): CodeIgniter\CodeIgniter->runController(Object(App\Controllers\PagesController))
 8 SYSTEMPATH\CodeIgniter.php(349): CodeIgniter\CodeIgniter->handleRequest(null, Object(Config\Cache), false)
 9 FCPATH\index.php(55): CodeIgniter\CodeIgniter->run()
10 SYSTEMPATH\Commands\Server\rewrite.php(43): require_once('FCPATH\\index.php')
CRITICAL - 2022-09-13 03:17:12 --> Undefined index: content
in APPPATH\Views\pages\blog.php on line 78.
 1 APPPATH\Views\pages\blog.php(78): CodeIgniter\Debug\Exceptions->errorHandler(8, 'Undefined index: content', 'APPPATH\\Views\\pages\\blog.php', 78, [...])
 2 SYSTEMPATH\View\View.php(213): include('APPPATH\\Views\\pages\\blog.php')
 3 SYSTEMPATH\View\View.php(216): CodeIgniter\View\View->CodeIgniter\View\{closure}()
 4 SYSTEMPATH\Common.php(1135): CodeIgniter\View\View->render('pages/blog', [], true)
 5 APPPATH\Controllers\PagesController.php(48): view('pages/blog', [...])
 6 SYSTEMPATH\CodeIgniter.php(896): App\Controllers\PagesController->blog()
 7 SYSTEMPATH\CodeIgniter.php(466): CodeIgniter\CodeIgniter->runController(Object(App\Controllers\PagesController))
 8 SYSTEMPATH\CodeIgniter.php(349): CodeIgniter\CodeIgniter->handleRequest(null, Object(Config\Cache), false)
 9 FCPATH\index.php(55): CodeIgniter\CodeIgniter->run()
10 SYSTEMPATH\Commands\Server\rewrite.php(43): require_once('FCPATH\\index.php')
CRITICAL - 2022-09-13 21:27:06 --> Undefined index: content
in APPPATH\Views\pages\blog.php on line 78.
 1 APPPATH\Views\pages\blog.php(78): CodeIgniter\Debug\Exceptions->errorHandler(8, 'Undefined index: content', 'APPPATH\\Views\\pages\\blog.php', 78, [...])
 2 SYSTEMPATH\View\View.php(213): include('APPPATH\\Views\\pages\\blog.php')
 3 SYSTEMPATH\View\View.php(216): CodeIgniter\View\View->CodeIgniter\View\{closure}()
 4 SYSTEMPATH\Common.php(1135): CodeIgniter\View\View->render('pages/blog', [], true)
 5 APPPATH\Controllers\PagesController.php(48): view('pages/blog', [...])
 6 SYSTEMPATH\CodeIgniter.php(896): App\Controllers\PagesController->blog()
 7 SYSTEMPATH\CodeIgniter.php(466): CodeIgniter\CodeIgniter->runController(Object(App\Controllers\PagesController))
 8 SYSTEMPATH\CodeIgniter.php(349): CodeIgniter\CodeIgniter->handleRequest(null, Object(Config\Cache), false)
 9 FCPATH\index.php(55): CodeIgniter\CodeIgniter->run()
10 SYSTEMPATH\Commands\Server\rewrite.php(43): require_once('FCPATH\\index.php')
