CRITICAL - 2022-09-17 01:34:01 --> Undefined variable: value
in APPPATH\Views\pages\event-single.php on line 96.
 1 APPPATH\Views\pages\event-single.php(96): CodeIgniter\Debug\Exceptions->errorHandler(8, 'Undefined variable: value', 'APPPATH\\Views\\pages\\event-single.php', 96, [...])
 2 SYSTEMPATH\View\View.php(213): include('APPPATH\\Views\\pages\\event-single.php')
 3 SYSTEMPATH\View\View.php(216): CodeIgniter\View\View->CodeIgniter\View\{closure}()
 4 SYSTEMPATH\Common.php(1135): CodeIgniter\View\View->render('pages/event-single', [], true)
 5 APPPATH\Controllers\PagesController.php(56): view('pages/event-single', [...])
 6 SYSTEMPATH\CodeIgniter.php(896): App\Controllers\PagesController->eventsingle()
 7 SYSTEMPATH\CodeIgniter.php(466): CodeIgniter\CodeIgniter->runController(Object(App\Controllers\PagesController))
 8 SYSTEMPATH\CodeIgniter.php(349): CodeIgniter\CodeIgniter->handleRequest(null, Object(Config\Cache), false)
 9 FCPATH\index.php(55): CodeIgniter\CodeIgniter->run()
10 SYSTEMPATH\Commands\Server\rewrite.php(43): require_once('FCPATH\\index.php')
CRITICAL - 2022-09-17 01:34:25 --> Undefined variable: value
in APPPATH\Views\pages\event-single.php on line 96.
 1 APPPATH\Views\pages\event-single.php(96): CodeIgniter\Debug\Exceptions->errorHandler(8, 'Undefined variable: value', 'APPPATH\\Views\\pages\\event-single.php', 96, [...])
 2 SYSTEMPATH\View\View.php(213): include('APPPATH\\Views\\pages\\event-single.php')
 3 SYSTEMPATH\View\View.php(216): CodeIgniter\View\View->CodeIgniter\View\{closure}()
 4 SYSTEMPATH\Common.php(1135): CodeIgniter\View\View->render('pages/event-single', [], true)
 5 APPPATH\Controllers\PagesController.php(56): view('pages/event-single', [...])
 6 SYSTEMPATH\CodeIgniter.php(896): App\Controllers\PagesController->eventsingle()
 7 SYSTEMPATH\CodeIgniter.php(466): CodeIgniter\CodeIgniter->runController(Object(App\Controllers\PagesController))
 8 SYSTEMPATH\CodeIgniter.php(349): CodeIgniter\CodeIgniter->handleRequest(null, Object(Config\Cache), false)
 9 FCPATH\index.php(55): CodeIgniter\CodeIgniter->run()
10 SYSTEMPATH\Commands\Server\rewrite.php(43): require_once('FCPATH\\index.php')
