CRITICAL - 2022-09-15 01:14:49 --> Undefined property: App\Controllers\PagesController::$Event_Model
in APPPATH\Controllers\PagesController.php on line 37.
 1 APPPATH\Controllers\PagesController.php(37): CodeIgniter\Debug\Exceptions->errorHandler(8, 'Undefined property: App\\Controllers\\PagesController::$Event_Model', 'APPPATH\\Controllers\\PagesController.php', 37, [...])
 2 SYSTEMPATH\CodeIgniter.php(896): App\Controllers\PagesController->event()
 3 SYSTEMPATH\CodeIgniter.php(466): CodeIgniter\CodeIgniter->runController(Object(App\Controllers\PagesController))
 4 SYSTEMPATH\CodeIgniter.php(349): CodeIgniter\CodeIgniter->handleRequest(null, Object(Config\Cache), false)
 5 FCPATH\index.php(55): CodeIgniter\CodeIgniter->run()
 6 SYSTEMPATH\Commands\Server\rewrite.php(43): require_once('FCPATH\\index.php')
ERROR - 2022-09-15 01:14:58 --> Error connecting to the database: No connection could be made because the target machine actively refused it.

CRITICAL - 2022-09-15 01:14:58 --> Unable to connect to the database.
Main connection [MySQLi]: No connection could be made because the target machine actively refused it.

in SYSTEMPATH\Database\BaseConnection.php on line 416.
 1 SYSTEMPATH\Database\BaseConnection.php(586): CodeIgniter\Database\BaseConnection->initialize()
 2 SYSTEMPATH\Database\BaseBuilder.php(1585): CodeIgniter\Database\BaseConnection->query('SELECT *
FROM `blog_single`
WHERE `blog_single`.`deleted_at` IS NULL', [], false)
 3 SYSTEMPATH\Model.php(222): CodeIgniter\Database\BaseBuilder->get()
 4 SYSTEMPATH\BaseModel.php(584): CodeIgniter\Model->doFindAll(0, 0)
 5 APPPATH\Controllers\PagesController.php(59): CodeIgniter\BaseModel->findAll()
 6 SYSTEMPATH\CodeIgniter.php(896): App\Controllers\PagesController->blog()
 7 SYSTEMPATH\CodeIgniter.php(466): CodeIgniter\CodeIgniter->runController(Object(App\Controllers\PagesController))
 8 SYSTEMPATH\CodeIgniter.php(349): CodeIgniter\CodeIgniter->handleRequest(null, Object(Config\Cache), false)
 9 FCPATH\index.php(55): CodeIgniter\CodeIgniter->run()
10 SYSTEMPATH\Commands\Server\rewrite.php(43): require_once('FCPATH\\index.php')
CRITICAL - 2022-09-15 01:15:17 --> Undefined property: App\Controllers\PagesController::$Event_Model
in APPPATH\Controllers\PagesController.php on line 37.
 1 APPPATH\Controllers\PagesController.php(37): CodeIgniter\Debug\Exceptions->errorHandler(8, 'Undefined property: App\\Controllers\\PagesController::$Event_Model', 'APPPATH\\Controllers\\PagesController.php', 37, [...])
 2 SYSTEMPATH\CodeIgniter.php(896): App\Controllers\PagesController->event()
 3 SYSTEMPATH\CodeIgniter.php(466): CodeIgniter\CodeIgniter->runController(Object(App\Controllers\PagesController))
 4 SYSTEMPATH\CodeIgniter.php(349): CodeIgniter\CodeIgniter->handleRequest(null, Object(Config\Cache), false)
 5 FCPATH\index.php(55): CodeIgniter\CodeIgniter->run()
 6 SYSTEMPATH\Commands\Server\rewrite.php(43): require_once('FCPATH\\index.php')
CRITICAL - 2022-09-15 01:34:43 --> Undefined property: App\Controllers\PagesController::$Event_Model
in APPPATH\Controllers\PagesController.php on line 37.
 1 APPPATH\Controllers\PagesController.php(37): CodeIgniter\Debug\Exceptions->errorHandler(8, 'Undefined property: App\\Controllers\\PagesController::$Event_Model', 'APPPATH\\Controllers\\PagesController.php', 37, [...])
 2 SYSTEMPATH\CodeIgniter.php(896): App\Controllers\PagesController->event()
 3 SYSTEMPATH\CodeIgniter.php(466): CodeIgniter\CodeIgniter->runController(Object(App\Controllers\PagesController))
 4 SYSTEMPATH\CodeIgniter.php(349): CodeIgniter\CodeIgniter->handleRequest(null, Object(Config\Cache), false)
 5 FCPATH\index.php(55): CodeIgniter\CodeIgniter->run()
 6 SYSTEMPATH\Commands\Server\rewrite.php(43): require_once('FCPATH\\index.php')
CRITICAL - 2022-09-15 01:35:09 --> Undefined property: App\Controllers\PagesController::$Event
in APPPATH\Controllers\PagesController.php on line 37.
 1 APPPATH\Controllers\PagesController.php(37): CodeIgniter\Debug\Exceptions->errorHandler(8, 'Undefined property: App\\Controllers\\PagesController::$Event', 'APPPATH\\Controllers\\PagesController.php', 37, [...])
 2 SYSTEMPATH\CodeIgniter.php(896): App\Controllers\PagesController->event()
 3 SYSTEMPATH\CodeIgniter.php(466): CodeIgniter\CodeIgniter->runController(Object(App\Controllers\PagesController))
 4 SYSTEMPATH\CodeIgniter.php(349): CodeIgniter\CodeIgniter->handleRequest(null, Object(Config\Cache), false)
 5 FCPATH\index.php(55): CodeIgniter\CodeIgniter->run()
 6 SYSTEMPATH\Commands\Server\rewrite.php(43): require_once('FCPATH\\index.php')
CRITICAL - 2022-09-15 01:38:06 --> Undefined property: App\Controllers\PagesController::$Event
in APPPATH\Controllers\PagesController.php on line 37.
 1 APPPATH\Controllers\PagesController.php(37): CodeIgniter\Debug\Exceptions->errorHandler(8, 'Undefined property: App\\Controllers\\PagesController::$Event', 'APPPATH\\Controllers\\PagesController.php', 37, [...])
 2 SYSTEMPATH\CodeIgniter.php(896): App\Controllers\PagesController->event()
 3 SYSTEMPATH\CodeIgniter.php(466): CodeIgniter\CodeIgniter->runController(Object(App\Controllers\PagesController))
 4 SYSTEMPATH\CodeIgniter.php(349): CodeIgniter\CodeIgniter->handleRequest(null, Object(Config\Cache), false)
 5 FCPATH\index.php(55): CodeIgniter\CodeIgniter->run()
 6 SYSTEMPATH\Commands\Server\rewrite.php(43): require_once('FCPATH\\index.php')
CRITICAL - 2022-09-15 01:43:27 --> Undefined property: App\Controllers\PagesController::$Event
in APPPATH\Controllers\PagesController.php on line 37.
 1 APPPATH\Controllers\PagesController.php(37): CodeIgniter\Debug\Exceptions->errorHandler(8, 'Undefined property: App\\Controllers\\PagesController::$Event', 'APPPATH\\Controllers\\PagesController.php', 37, [...])
 2 SYSTEMPATH\CodeIgniter.php(896): App\Controllers\PagesController->event()
 3 SYSTEMPATH\CodeIgniter.php(466): CodeIgniter\CodeIgniter->runController(Object(App\Controllers\PagesController))
 4 SYSTEMPATH\CodeIgniter.php(349): CodeIgniter\CodeIgniter->handleRequest(null, Object(Config\Cache), false)
 5 FCPATH\index.php(55): CodeIgniter\CodeIgniter->run()
 6 SYSTEMPATH\Commands\Server\rewrite.php(43): require_once('FCPATH\\index.php')
CRITICAL - 2022-09-15 01:44:56 --> Undefined property: App\Controllers\PagesController::$Event
in APPPATH\Controllers\PagesController.php on line 37.
 1 APPPATH\Controllers\PagesController.php(37): CodeIgniter\Debug\Exceptions->errorHandler(8, 'Undefined property: App\\Controllers\\PagesController::$Event', 'APPPATH\\Controllers\\PagesController.php', 37, [...])
 2 SYSTEMPATH\CodeIgniter.php(896): App\Controllers\PagesController->event()
 3 SYSTEMPATH\CodeIgniter.php(466): CodeIgniter\CodeIgniter->runController(Object(App\Controllers\PagesController))
 4 SYSTEMPATH\CodeIgniter.php(349): CodeIgniter\CodeIgniter->handleRequest(null, Object(Config\Cache), false)
 5 FCPATH\index.php(55): CodeIgniter\CodeIgniter->run()
 6 SYSTEMPATH\Commands\Server\rewrite.php(43): require_once('FCPATH\\index.php')
CRITICAL - 2022-09-15 01:48:46 --> Undefined property: App\Controllers\PagesController::$Event
in APPPATH\Controllers\PagesController.php on line 37.
 1 APPPATH\Controllers\PagesController.php(37): CodeIgniter\Debug\Exceptions->errorHandler(8, 'Undefined property: App\\Controllers\\PagesController::$Event', 'APPPATH\\Controllers\\PagesController.php', 37, [...])
 2 SYSTEMPATH\CodeIgniter.php(896): App\Controllers\PagesController->event()
 3 SYSTEMPATH\CodeIgniter.php(466): CodeIgniter\CodeIgniter->runController(Object(App\Controllers\PagesController))
 4 SYSTEMPATH\CodeIgniter.php(349): CodeIgniter\CodeIgniter->handleRequest(null, Object(Config\Cache), false)
 5 FCPATH\index.php(55): CodeIgniter\CodeIgniter->run()
 6 SYSTEMPATH\Commands\Server\rewrite.php(43): require_once('FCPATH\\index.php')
CRITICAL - 2022-09-15 01:50:18 --> Undefined property: App\Controllers\PagesController::$event_model
in APPPATH\Controllers\PagesController.php on line 37.
 1 APPPATH\Controllers\PagesController.php(37): CodeIgniter\Debug\Exceptions->errorHandler(8, 'Undefined property: App\\Controllers\\PagesController::$event_model', 'APPPATH\\Controllers\\PagesController.php', 37, [...])
 2 SYSTEMPATH\CodeIgniter.php(896): App\Controllers\PagesController->event()
 3 SYSTEMPATH\CodeIgniter.php(466): CodeIgniter\CodeIgniter->runController(Object(App\Controllers\PagesController))
 4 SYSTEMPATH\CodeIgniter.php(349): CodeIgniter\CodeIgniter->handleRequest(null, Object(Config\Cache), false)
 5 FCPATH\index.php(55): CodeIgniter\CodeIgniter->run()
 6 SYSTEMPATH\Commands\Server\rewrite.php(43): require_once('FCPATH\\index.php')
CRITICAL - 2022-09-15 01:51:09 --> Undefined property: App\Controllers\PagesController::$event
in APPPATH\Controllers\PagesController.php on line 37.
 1 APPPATH\Controllers\PagesController.php(37): CodeIgniter\Debug\Exceptions->errorHandler(8, 'Undefined property: App\\Controllers\\PagesController::$event', 'APPPATH\\Controllers\\PagesController.php', 37, [...])
 2 SYSTEMPATH\CodeIgniter.php(896): App\Controllers\PagesController->event()
 3 SYSTEMPATH\CodeIgniter.php(466): CodeIgniter\CodeIgniter->runController(Object(App\Controllers\PagesController))
 4 SYSTEMPATH\CodeIgniter.php(349): CodeIgniter\CodeIgniter->handleRequest(null, Object(Config\Cache), false)
 5 FCPATH\index.php(55): CodeIgniter\CodeIgniter->run()
 6 SYSTEMPATH\Commands\Server\rewrite.php(43): require_once('FCPATH\\index.php')
CRITICAL - 2022-09-15 01:53:03 --> Undefined property: App\Controllers\PagesController::$event_model
in APPPATH\Controllers\PagesController.php on line 37.
 1 APPPATH\Controllers\PagesController.php(37): CodeIgniter\Debug\Exceptions->errorHandler(8, 'Undefined property: App\\Controllers\\PagesController::$event_model', 'APPPATH\\Controllers\\PagesController.php', 37, [...])
 2 SYSTEMPATH\CodeIgniter.php(896): App\Controllers\PagesController->event()
 3 SYSTEMPATH\CodeIgniter.php(466): CodeIgniter\CodeIgniter->runController(Object(App\Controllers\PagesController))
 4 SYSTEMPATH\CodeIgniter.php(349): CodeIgniter\CodeIgniter->handleRequest(null, Object(Config\Cache), false)
 5 FCPATH\index.php(55): CodeIgniter\CodeIgniter->run()
 6 SYSTEMPATH\Commands\Server\rewrite.php(43): require_once('FCPATH\\index.php')
CRITICAL - 2022-09-15 02:29:26 --> Undefined property: App\Controllers\PagesController::$event_model
in APPPATH\Controllers\PagesController.php on line 37.
 1 APPPATH\Controllers\PagesController.php(37): CodeIgniter\Debug\Exceptions->errorHandler(8, 'Undefined property: App\\Controllers\\PagesController::$event_model', 'APPPATH\\Controllers\\PagesController.php', 37, [...])
 2 SYSTEMPATH\CodeIgniter.php(896): App\Controllers\PagesController->event()
 3 SYSTEMPATH\CodeIgniter.php(466): CodeIgniter\CodeIgniter->runController(Object(App\Controllers\PagesController))
 4 SYSTEMPATH\CodeIgniter.php(349): CodeIgniter\CodeIgniter->handleRequest(null, Object(Config\Cache), false)
 5 FCPATH\index.php(55): CodeIgniter\CodeIgniter->run()
 6 SYSTEMPATH\Commands\Server\rewrite.php(43): require_once('FCPATH\\index.php')
CRITICAL - 2022-09-15 03:04:51 --> Undefined property: App\Controllers\PagesController::$event_model
in APPPATH\Controllers\PagesController.php on line 37.
 1 APPPATH\Controllers\PagesController.php(37): CodeIgniter\Debug\Exceptions->errorHandler(8, 'Undefined property: App\\Controllers\\PagesController::$event_model', 'APPPATH\\Controllers\\PagesController.php', 37, [...])
 2 SYSTEMPATH\CodeIgniter.php(896): App\Controllers\PagesController->event()
 3 SYSTEMPATH\CodeIgniter.php(466): CodeIgniter\CodeIgniter->runController(Object(App\Controllers\PagesController))
 4 SYSTEMPATH\CodeIgniter.php(349): CodeIgniter\CodeIgniter->handleRequest(null, Object(Config\Cache), false)
 5 FCPATH\index.php(55): CodeIgniter\CodeIgniter->run()
 6 SYSTEMPATH\Commands\Server\rewrite.php(43): require_once('FCPATH\\index.php')
CRITICAL - 2022-09-15 03:05:26 --> Undefined property: App\Controllers\PagesController::$event
in APPPATH\Controllers\PagesController.php on line 37.
 1 APPPATH\Controllers\PagesController.php(37): CodeIgniter\Debug\Exceptions->errorHandler(8, 'Undefined property: App\\Controllers\\PagesController::$event', 'APPPATH\\Controllers\\PagesController.php', 37, [...])
 2 SYSTEMPATH\CodeIgniter.php(896): App\Controllers\PagesController->event()
 3 SYSTEMPATH\CodeIgniter.php(466): CodeIgniter\CodeIgniter->runController(Object(App\Controllers\PagesController))
 4 SYSTEMPATH\CodeIgniter.php(349): CodeIgniter\CodeIgniter->handleRequest(null, Object(Config\Cache), false)
 5 FCPATH\index.php(55): CodeIgniter\CodeIgniter->run()
 6 SYSTEMPATH\Commands\Server\rewrite.php(43): require_once('FCPATH\\index.php')
CRITICAL - 2022-09-15 03:11:05 --> Undefined property: App\Controllers\PagesController::$Event_Model
in APPPATH\Controllers\PagesController.php on line 37.
 1 APPPATH\Controllers\PagesController.php(37): CodeIgniter\Debug\Exceptions->errorHandler(8, 'Undefined property: App\\Controllers\\PagesController::$Event_Model', 'APPPATH\\Controllers\\PagesController.php', 37, [...])
 2 SYSTEMPATH\CodeIgniter.php(896): App\Controllers\PagesController->event()
 3 SYSTEMPATH\CodeIgniter.php(466): CodeIgniter\CodeIgniter->runController(Object(App\Controllers\PagesController))
 4 SYSTEMPATH\CodeIgniter.php(349): CodeIgniter\CodeIgniter->handleRequest(null, Object(Config\Cache), false)
 5 FCPATH\index.php(55): CodeIgniter\CodeIgniter->run()
 6 SYSTEMPATH\Commands\Server\rewrite.php(43): require_once('FCPATH\\index.php')
CRITICAL - 2022-09-15 03:18:37 --> Undefined property: App\Controllers\PagesController::$Event_Model
in APPPATH\Controllers\PagesController.php on line 37.
 1 APPPATH\Controllers\PagesController.php(37): CodeIgniter\Debug\Exceptions->errorHandler(8, 'Undefined property: App\\Controllers\\PagesController::$Event_Model', 'APPPATH\\Controllers\\PagesController.php', 37, [...])
 2 SYSTEMPATH\CodeIgniter.php(896): App\Controllers\PagesController->event()
 3 SYSTEMPATH\CodeIgniter.php(466): CodeIgniter\CodeIgniter->runController(Object(App\Controllers\PagesController))
 4 SYSTEMPATH\CodeIgniter.php(349): CodeIgniter\CodeIgniter->handleRequest(null, Object(Config\Cache), false)
 5 FCPATH\index.php(55): CodeIgniter\CodeIgniter->run()
 6 SYSTEMPATH\Commands\Server\rewrite.php(43): require_once('FCPATH\\index.php')
CRITICAL - 2022-09-15 03:19:05 --> Undefined property: App\Controllers\PagesController::$event_model
in APPPATH\Controllers\PagesController.php on line 37.
 1 APPPATH\Controllers\PagesController.php(37): CodeIgniter\Debug\Exceptions->errorHandler(8, 'Undefined property: App\\Controllers\\PagesController::$event_model', 'APPPATH\\Controllers\\PagesController.php', 37, [...])
 2 SYSTEMPATH\CodeIgniter.php(896): App\Controllers\PagesController->event()
 3 SYSTEMPATH\CodeIgniter.php(466): CodeIgniter\CodeIgniter->runController(Object(App\Controllers\PagesController))
 4 SYSTEMPATH\CodeIgniter.php(349): CodeIgniter\CodeIgniter->handleRequest(null, Object(Config\Cache), false)
 5 FCPATH\index.php(55): CodeIgniter\CodeIgniter->run()
 6 SYSTEMPATH\Commands\Server\rewrite.php(43): require_once('FCPATH\\index.php')
CRITICAL - 2022-09-15 03:22:15 --> Undefined property: App\Controllers\PagesController::$event_model
in APPPATH\Controllers\PagesController.php on line 37.
 1 APPPATH\Controllers\PagesController.php(37): CodeIgniter\Debug\Exceptions->errorHandler(8, 'Undefined property: App\\Controllers\\PagesController::$event_model', 'APPPATH\\Controllers\\PagesController.php', 37, [...])
 2 SYSTEMPATH\CodeIgniter.php(896): App\Controllers\PagesController->event()
 3 SYSTEMPATH\CodeIgniter.php(466): CodeIgniter\CodeIgniter->runController(Object(App\Controllers\PagesController))
 4 SYSTEMPATH\CodeIgniter.php(349): CodeIgniter\CodeIgniter->handleRequest(null, Object(Config\Cache), false)
 5 FCPATH\index.php(55): CodeIgniter\CodeIgniter->run()
 6 SYSTEMPATH\Commands\Server\rewrite.php(43): require_once('FCPATH\\index.php')
CRITICAL - 2022-09-15 03:22:35 --> Undefined property: App\Controllers\PagesController::$event_model
in APPPATH\Controllers\PagesController.php on line 37.
 1 APPPATH\Controllers\PagesController.php(37): CodeIgniter\Debug\Exceptions->errorHandler(8, 'Undefined property: App\\Controllers\\PagesController::$event_model', 'APPPATH\\Controllers\\PagesController.php', 37, [...])
 2 SYSTEMPATH\CodeIgniter.php(896): App\Controllers\PagesController->event()
 3 SYSTEMPATH\CodeIgniter.php(466): CodeIgniter\CodeIgniter->runController(Object(App\Controllers\PagesController))
 4 SYSTEMPATH\CodeIgniter.php(349): CodeIgniter\CodeIgniter->handleRequest(null, Object(Config\Cache), false)
 5 FCPATH\index.php(55): CodeIgniter\CodeIgniter->run()
 6 SYSTEMPATH\Commands\Server\rewrite.php(43): require_once('FCPATH\\index.php')
CRITICAL - 2022-09-15 03:23:28 --> Undefined property: App\Controllers\PagesController::$event_model
in APPPATH\Controllers\PagesController.php on line 37.
 1 APPPATH\Controllers\PagesController.php(37): CodeIgniter\Debug\Exceptions->errorHandler(8, 'Undefined property: App\\Controllers\\PagesController::$event_model', 'APPPATH\\Controllers\\PagesController.php', 37, [...])
 2 SYSTEMPATH\CodeIgniter.php(896): App\Controllers\PagesController->event()
 3 SYSTEMPATH\CodeIgniter.php(466): CodeIgniter\CodeIgniter->runController(Object(App\Controllers\PagesController))
 4 SYSTEMPATH\CodeIgniter.php(349): CodeIgniter\CodeIgniter->handleRequest(null, Object(Config\Cache), false)
 5 FCPATH\index.php(55): CodeIgniter\CodeIgniter->run()
 6 SYSTEMPATH\Commands\Server\rewrite.php(43): require_once('FCPATH\\index.php')
CRITICAL - 2022-09-15 03:24:46 --> Undefined property: App\Controllers\PagesController::$Event_Model
in APPPATH\Controllers\PagesController.php on line 37.
 1 APPPATH\Controllers\PagesController.php(37): CodeIgniter\Debug\Exceptions->errorHandler(8, 'Undefined property: App\\Controllers\\PagesController::$Event_Model', 'APPPATH\\Controllers\\PagesController.php', 37, [...])
 2 SYSTEMPATH\CodeIgniter.php(896): App\Controllers\PagesController->event()
 3 SYSTEMPATH\CodeIgniter.php(466): CodeIgniter\CodeIgniter->runController(Object(App\Controllers\PagesController))
 4 SYSTEMPATH\CodeIgniter.php(349): CodeIgniter\CodeIgniter->handleRequest(null, Object(Config\Cache), false)
 5 FCPATH\index.php(55): CodeIgniter\CodeIgniter->run()
 6 SYSTEMPATH\Commands\Server\rewrite.php(43): require_once('FCPATH\\index.php')
CRITICAL - 2022-09-15 03:25:46 --> Undefined property: App\Controllers\PagesController::$Event_Model
in APPPATH\Controllers\PagesController.php on line 37.
 1 APPPATH\Controllers\PagesController.php(37): CodeIgniter\Debug\Exceptions->errorHandler(8, 'Undefined property: App\\Controllers\\PagesController::$Event_Model', 'APPPATH\\Controllers\\PagesController.php', 37, [...])
 2 SYSTEMPATH\CodeIgniter.php(896): App\Controllers\PagesController->event()
 3 SYSTEMPATH\CodeIgniter.php(466): CodeIgniter\CodeIgniter->runController(Object(App\Controllers\PagesController))
 4 SYSTEMPATH\CodeIgniter.php(349): CodeIgniter\CodeIgniter->handleRequest(null, Object(Config\Cache), false)
 5 FCPATH\index.php(55): CodeIgniter\CodeIgniter->run()
 6 SYSTEMPATH\Commands\Server\rewrite.php(43): require_once('FCPATH\\index.php')
CRITICAL - 2022-09-15 04:18:23 --> Undefined property: App\Controllers\PagesController::$Event_Model
in APPPATH\Controllers\PagesController.php on line 37.
 1 APPPATH\Controllers\PagesController.php(37): CodeIgniter\Debug\Exceptions->errorHandler(8, 'Undefined property: App\\Controllers\\PagesController::$Event_Model', 'APPPATH\\Controllers\\PagesController.php', 37, [...])
 2 SYSTEMPATH\CodeIgniter.php(896): App\Controllers\PagesController->event()
 3 SYSTEMPATH\CodeIgniter.php(466): CodeIgniter\CodeIgniter->runController(Object(App\Controllers\PagesController))
 4 SYSTEMPATH\CodeIgniter.php(349): CodeIgniter\CodeIgniter->handleRequest(null, Object(Config\Cache), false)
 5 FCPATH\index.php(55): CodeIgniter\CodeIgniter->run()
 6 SYSTEMPATH\Commands\Server\rewrite.php(43): require_once('FCPATH\\index.php')
CRITICAL - 2022-09-15 09:33:00 --> Undefined property: App\Controllers\PagesController::$Event_Model
in APPPATH\Controllers\PagesController.php on line 42.
 1 APPPATH\Controllers\PagesController.php(42): CodeIgniter\Debug\Exceptions->errorHandler(8, 'Undefined property: App\\Controllers\\PagesController::$Event_Model', 'APPPATH\\Controllers\\PagesController.php', 42, [...])
 2 SYSTEMPATH\CodeIgniter.php(896): App\Controllers\PagesController->event()
 3 SYSTEMPATH\CodeIgniter.php(466): CodeIgniter\CodeIgniter->runController(Object(App\Controllers\PagesController))
 4 SYSTEMPATH\CodeIgniter.php(349): CodeIgniter\CodeIgniter->handleRequest(null, Object(Config\Cache), false)
 5 FCPATH\index.php(55): CodeIgniter\CodeIgniter->run()
 6 SYSTEMPATH\Commands\Server\rewrite.php(43): require_once('FCPATH\\index.php')
ERROR - 2022-09-15 09:34:08 --> Error connecting to the database: No connection could be made because the target machine actively refused it.

CRITICAL - 2022-09-15 09:34:08 --> Unable to connect to the database.
Main connection [MySQLi]: No connection could be made because the target machine actively refused it.

in SYSTEMPATH\Database\BaseConnection.php on line 416.
 1 SYSTEMPATH\Database\BaseConnection.php(586): CodeIgniter\Database\BaseConnection->initialize()
 2 SYSTEMPATH\Database\BaseBuilder.php(1585): CodeIgniter\Database\BaseConnection->query('SELECT *
FROM `event_single`
WHERE `event_single`.`deleted_at` IS NULL', [], false)
 3 SYSTEMPATH\Model.php(222): CodeIgniter\Database\BaseBuilder->get()
 4 SYSTEMPATH\BaseModel.php(584): CodeIgniter\Model->doFindAll(0, 0)
 5 APPPATH\Controllers\PagesController.php(42): CodeIgniter\BaseModel->findAll()
 6 SYSTEMPATH\CodeIgniter.php(896): App\Controllers\PagesController->event()
 7 SYSTEMPATH\CodeIgniter.php(466): CodeIgniter\CodeIgniter->runController(Object(App\Controllers\PagesController))
 8 SYSTEMPATH\CodeIgniter.php(349): CodeIgniter\CodeIgniter->handleRequest(null, Object(Config\Cache), false)
 9 FCPATH\index.php(55): CodeIgniter\CodeIgniter->run()
10 SYSTEMPATH\Commands\Server\rewrite.php(43): require_once('FCPATH\\index.php')
CRITICAL - 2022-09-15 10:10:25 --> Undefined variable: blogs
in APPPATH\Views\pages\event-single.php on line 92.
 1 APPPATH\Views\pages\event-single.php(92): CodeIgniter\Debug\Exceptions->errorHandler(8, 'Undefined variable: blogs', 'APPPATH\\Views\\pages\\event-single.php', 92, [...])
 2 SYSTEMPATH\View\View.php(213): include('APPPATH\\Views\\pages\\event-single.php')
 3 SYSTEMPATH\View\View.php(216): CodeIgniter\View\View->CodeIgniter\View\{closure}()
 4 SYSTEMPATH\Common.php(1135): CodeIgniter\View\View->render('pages/event-single', [], true)
 5 APPPATH\Controllers\PagesController.php(56): view('pages/event-single', [...])
 6 SYSTEMPATH\CodeIgniter.php(896): App\Controllers\PagesController->eventsingle()
 7 SYSTEMPATH\CodeIgniter.php(466): CodeIgniter\CodeIgniter->runController(Object(App\Controllers\PagesController))
 8 SYSTEMPATH\CodeIgniter.php(349): CodeIgniter\CodeIgniter->handleRequest(null, Object(Config\Cache), false)
 9 FCPATH\index.php(55): CodeIgniter\CodeIgniter->run()
10 SYSTEMPATH\Commands\Server\rewrite.php(43): require_once('FCPATH\\index.php')
